f:\webapp\polygonsfilling\polygonsfilling\debug\vc120.pdb
f:\webapp\polygonsfilling\polygonsfilling\debug\polygon.obj
f:\webapp\polygonsfilling\polygonsfilling\debug\mainwindow.obj
f:\webapp\polygonsfilling\polygonsfilling\debug\main.obj
f:\webapp\polygonsfilling\polygonsfilling\debug\glwidget.obj
f:\webapp\polygonsfilling\polygonsfilling\debug\moc_mainwindow.obj
f:\webapp\polygonsfilling\polygonsfilling\debug\moc_glwidget.obj
f:\webapp\polygonsfilling\polygonsfilling\debug\filledpolygon.obj
f:\webapp\polygonsfilling\polygonsfilling\debug\fileopt.obj
f:\webapp\polygonsfilling\polygonsfilling\debug\qrc_glwidget.obj
f:\webapp\polygonsfilling\polygonsfilling\generatedfiles\debug\moc_glwidget.cpp
f:\webapp\polygonsfilling\polygonsfilling\generatedfiles\ui_glwidget.h
f:\webapp\polygonsfilling\polygonsfilling\generatedfiles\debug\moc_mainwindow.cpp
f:\webapp\polygonsfilling\polygonsfilling\generatedfiles\qrc_glwidget.cpp
f:\webapp\polygonsfilling\win32\debug\polygonsfilling.ilk
f:\webapp\polygonsfilling\win32\debug\polygonsfilling.exe
f:\webapp\polygonsfilling\win32\debug\polygonsfilling.pdb
f:\webapp\polygonsfilling\polygonsfilling\debug\polygonsfilling.tlog\cl.command.1.tlog
f:\webapp\polygonsfilling\polygonsfilling\debug\polygonsfilling.tlog\cl.read.1.tlog
f:\webapp\polygonsfilling\polygonsfilling\debug\polygonsfilling.tlog\cl.write.1.tlog
f:\webapp\polygonsfilling\polygonsfilling\debug\polygonsfilling.tlog\custombuild.command.1.tlog
f:\webapp\polygonsfilling\polygonsfilling\debug\polygonsfilling.tlog\custombuild.read.1.tlog
f:\webapp\polygonsfilling\polygonsfilling\debug\polygonsfilling.tlog\custombuild.write.1.tlog
f:\webapp\polygonsfilling\polygonsfilling\debug\polygonsfilling.tlog\link.command.1.tlog
f:\webapp\polygonsfilling\polygonsfilling\debug\polygonsfilling.tlog\link.read.1.tlog
f:\webapp\polygonsfilling\polygonsfilling\debug\polygonsfilling.tlog\link.write.1.tlog
