生成启动时间为 2016-04-24 11:16:44。
     1>项目“E:\Qt\QtProj\QT3\QT3\QT3.vcxproj”在节点 2 上(build 个目标)。
     1>InitializeBuildStatus:
         正在创建“Debug\PolygonsFilling.unsuccessfulbuild”，因为已指定“AlwaysCreate”。
       CustomBuild:
         Moc'ing glwidget.h...
       ClCompile:
         D:\Program Files (x86)\Microsoft Visual Studio 10.0\VC\bin\CL.exe /c /I.\GeneratedFiles /I. /IE:\Qt\Qt5.4.0\5.4\msvc2010_opengl\include /I.\GeneratedFiles\Debug /IE:\Qt\Qt5.4.0\5.4\msvc2010_opengl\include\QtCore /IE:\Qt\Qt5.4.0\5.4\msvc2010_opengl\include\QtGui /IE:\Qt\Qt5.4.0\5.4\msvc2010_opengl\include\QtOpenGL /IE:\Qt\Qt5.4.0\5.4\msvc2010_opengl\include\QtWidgets /Zi /nologo /W1 /WX- /Od /Oy- /D UNICODE /D WIN32 /D WIN64 /D QT_DLL /D QT_CORE_LIB /D QT_GUI_LIB /D QT_OPENGL_LIB /D QT_WIDGETS_LIB /Gm- /EHsc /MDd /GS /fp:precise /Zc:wchar_t /Zc:forScope /Fo"Debug\\" /Fd"Debug\vc100.pdb" /Gd /TP /analyze- /errorReport:prompt GeneratedFiles\Debug\moc_glwidget.cpp MainWindow.cpp glwidget.cpp main.cpp
         moc_glwidget.cpp
         MainWindow.cpp
         glwidget.cpp
         main.cpp
         正在生成代码...
         所有输出均为最新。
       Link:
         D:\Program Files (x86)\Microsoft Visual Studio 10.0\VC\bin\link.exe /ERRORREPORT:PROMPT /OUT:"E:\Qt\QtProj\QT3\Win32\Debug\\PolygonsFilling.exe" /NOLOGO /LIBPATH:E:\Qt\Qt5.4.0\5.4\msvc2010_opengl\lib qtmaind.lib Qt5Cored.lib Qt5Guid.lib Qt5OpenGLd.lib opengl32.lib glu32.lib Qt5Widgetsd.lib opencv_ml249d.lib opencv_calib3d249d.lib opencv_contrib249d.lib opencv_core249d.lib opencv_features2d249d.lib opencv_flann249d.lib opencv_gpu249d.lib opencv_highgui249d.lib opencv_imgproc249d.lib opencv_legacy249d.lib opencv_objdetect249d.lib opencv_ts249d.lib opencv_video249d.lib opencv_nonfree249d.lib opencv_ocl249d.lib opencv_photo249d.lib opencv_stitching249d.lib opencv_superres249d.lib opencv_videostab249d.lib opencv_objdetect249.lib opencv_ts249.lib opencv_video249.lib opencv_nonfree249.lib opencv_ocl249.lib opencv_photo249.lib opencv_stitching249.lib opencv_superres249.lib opencv_videostab249.lib opencv_calib3d249.lib opencv_contrib249.lib opencv_core249.lib opencv_features2d249.lib opencv_flann249.lib opencv_gpu249.lib opencv_highgui249.lib opencv_imgproc249.lib opencv_legacy249.lib opencv_ml249.lib kernel32.lib user32.lib gdi32.lib winspool.lib comdlg32.lib advapi32.lib shell32.lib ole32.lib oleaut32.lib uuid.lib odbc32.lib odbccp32.lib /MANIFEST /ManifestFile:"Debug\PolygonsFilling.exe.intermediate.manifest" /MANIFESTUAC:"level='asInvoker' uiAccess='false'" /DEBUG /PDB:"E:\Qt\QtProj\QT3\Win32\Debug\PolygonsFilling.pdb" /SUBSYSTEM:WINDOWS /TLBID:1 /DYNAMICBASE /NXCOMPAT /IMPLIB:"E:\Qt\QtProj\QT3\Win32\Debug\PolygonsFilling.lib" /MACHINE:X86 Debug\FilledPolygon.obj
         Debug\moc_glwidget.obj
         Debug\moc_MainWindow.obj
         Debug\qrc_glwidget.obj
         Debug\glwidget.obj
         Debug\main.obj
         Debug\MainWindow.obj
         Debug\Polygon.obj
         LINK : 没有找到 E:\Qt\QtProj\QT3\Win32\Debug\\PolygonsFilling.exe 或上一个增量链接没有生成它；正在执行完全链接
         QT3.vcxproj -> E:\Qt\QtProj\QT3\Win32\Debug\PolygonsFilling.exe
       Manifest:
         C:\Program Files (x86)\Microsoft SDKs\Windows\v7.0A\bin\mt.exe /nologo /verbose /outputresource:"E:\Qt\QtProj\QT3\Win32\Debug\\PolygonsFilling.exe;#1" /manifest Debug\PolygonsFilling.exe.intermediate.manifest
       FinalizeBuildStatus:
         正在删除文件“Debug\PolygonsFilling.unsuccessfulbuild”。
         正在对“Debug\PolygonsFilling.lastbuildstate”执行 Touch 任务。
     1>已完成生成项目“E:\Qt\QtProj\QT3\QT3\QT3.vcxproj”(build 个目标)的操作。

生成成功。

已用时间 00:00:09.38
