生成启动时间为 2017/10/25 2:09:00。
     1>项目“H:\SelfLearning\SAI\Course\tinydbms\StorageManage\StorageManage.vcxproj”在节点 2 上(Rebuild 个目标)。
     1>ClCompile:
         C:\Program Files (x86)\Microsoft Visual Studio 12.0\VC\bin\CL.exe /c /ZI /nologo /W3 /WX- /sdl /Od /Oy- /D WIN32 /D _DEBUG /D _CONSOLE /D _LIB /D _CRT_SECURE_NO_WARNINGS /D _UNICODE /D UNICODE /Gm /EHsc /RTC1 /MDd /GS /fp:precise /Zc:wchar_t /Zc:forScope /Fo"Debug\\" /Fd"Debug\vc120.pdb" /Gd /TP /analyze- /errorReport:prompt bufOpt.cpp common.cpp fileOpt.cpp main.cpp pageOpt.cpp storage.cpp
         storage.cpp
         pageOpt.cpp
         main.cpp
         fileOpt.cpp
         common.cpp
         bufOpt.cpp
         正在生成代码...
       Link:
         C:\Program Files (x86)\Microsoft Visual Studio 12.0\VC\bin\link.exe /ERRORREPORT:PROMPT /OUT:"H:\SelfLearning\SAI\Course\tinydb\Debug\StorageManage.exe" /INCREMENTAL /NOLOGO kernel32.lib user32.lib gdi32.lib winspool.lib comdlg32.lib advapi32.lib shell32.lib ole32.lib oleaut32.lib uuid.lib odbc32.lib odbccp32.lib /MANIFEST /MANIFESTUAC:"level='asInvoker' uiAccess='false'" /manifest:embed /DEBUG /PDB:"H:\SelfLearning\SAI\Course\tinydb\Debug\StorageManage.pdb" /SUBSYSTEM:CONSOLE /STACK:"10000000" /TLBID:1 /DYNAMICBASE /NXCOMPAT /IMPLIB:"H:\SelfLearning\SAI\Course\tinydb\Debug\StorageManage.lib" /MACHINE:X86 Debug\bufOpt.obj
         Debug\common.obj
         Debug\fileOpt.obj
         Debug\main.obj
         Debug\pageOpt.obj
         Debug\storage.obj
         StorageManage.vcxproj -> H:\SelfLearning\SAI\Course\tinydb\Debug\StorageManage.exe
     1>已完成生成项目“H:\SelfLearning\SAI\Course\tinydbms\StorageManage\StorageManage.vcxproj”(Rebuild 个目标)的操作。

生成成功。

已用时间 00:00:03.23
