生成启动时间为 2017/10/25 3:56:28。
     1>项目“H:\SelfLearning\SAI\Course\tinydbms\GI\tinydbms\tinydbms\tinydbms.vcxproj”在节点 2 上(Build 个目标)。
     1>CustomBuild:
         Moc'ing tinydbms.h...
         Uic'ing tinydbms.ui...
         Rcc'ing tinydbms.qrc...
     1>RCC : warning : No resources in 'H:\SelfLearning\SAI\Course\tinydbms\GI\tinydbms\tinydbms\tinydbms.qrc'.
         
       ClCompile:
         C:\Program Files (x86)\Microsoft Visual Studio 12.0\VC\bin\x86_amd64\CL.exe /c /IC:\Qt\Qt5.7.1\5.7\msvc2013_64\include /I.\GeneratedFiles /I. /IC:\Qt\Qt5.7.1\5.7\msvc2013_64\include /I.\GeneratedFiles\Debug /IC:\Qt\Qt5.7.1\5.7\msvc2013_64\include\QtCore /IC:\Qt\Qt5.7.1\5.7\msvc2013_64\include\QtGui /IC:\Qt\Qt5.7.1\5.7\msvc2013_64\include\QtWidgets /Zi /nologo /W1 /WX- /Od /D UNICODE /D WIN32 /D WIN64 /D QT_DLL /D QT_CORE_LIB /D QT_GUI_LIB /D QT_WIDGETS_LIB /Gm- /EHsc /MDd /GS /fp:precise /Zc:wchar_t /Zc:forScope /Fo"x64\Debug\\" /Fd"x64\Debug\vc120.pdb" /Gd /TP /errorReport:prompt GeneratedFiles\Debug\moc_tinydbms.cpp main.cpp tinydbms.cpp
         moc_tinydbms.cpp
         main.cpp
         tinydbms.cpp
         正在生成代码...
         C:\Program Files (x86)\Microsoft Visual Studio 12.0\VC\bin\x86_amd64\CL.exe /c /IC:\Qt\Qt5.7.1\5.7\msvc2013_64\include /I.\GeneratedFiles /I. /IC:\Qt\Qt5.7.1\5.7\msvc2013_64\include /I.\GeneratedFiles\Debug /IC:\Qt\Qt5.7.1\5.7\msvc2013_64\include\QtCore /IC:\Qt\Qt5.7.1\5.7\msvc2013_64\include\QtGui /IC:\Qt\Qt5.7.1\5.7\msvc2013_64\include\QtWidgets /Zi /nologo /W1 /WX- /Od /D UNICODE /D WIN32 /D WIN64 /D QT_DLL /D QT_CORE_LIB /D QT_GUI_LIB /D QT_WIDGETS_LIB /Gm- /EHsc /MDd /GS /fp:precise /Zc:wchar_t /Zc:forScope /Fo"x64\Debug\\" /Fd"x64\Debug\vc120.pdb" /Gd /TP /errorReport:prompt GeneratedFiles\qrc_tinydbms.cpp
         qrc_tinydbms.cpp
       Link:
         C:\Program Files (x86)\Microsoft Visual Studio 12.0\VC\bin\x86_amd64\link.exe /ERRORREPORT:PROMPT /OUT:"H:\SelfLearning\SAI\Course\tinydb\x64\Debug\\tinydbms.exe" /NOLOGO /LIBPATH:C:\Qt\Qt5.7.1\5.7\msvc2013_64\lib qtmaind.lib Qt5Cored.lib Qt5Guid.lib Qt5Widgetsd.lib kernel32.lib user32.lib gdi32.lib winspool.lib comdlg32.lib advapi32.lib shell32.lib ole32.lib oleaut32.lib uuid.lib odbc32.lib odbccp32.lib /MANIFEST /MANIFESTUAC:"level='asInvoker' uiAccess='false'" /manifest:embed /DEBUG /PDB:"H:\SelfLearning\SAI\Course\tinydb\x64\Debug\tinydbms.pdb" /SUBSYSTEM:WINDOWS /TLBID:1 /DYNAMICBASE /NXCOMPAT /IMPLIB:"H:\SelfLearning\SAI\Course\tinydb\x64\Debug\tinydbms.lib" /MACHINE:X64 x64\Debug\moc_tinydbms.obj
         x64\Debug\qrc_tinydbms.obj
         x64\Debug\main.obj
         x64\Debug\tinydbms.obj
         tinydbms.vcxproj -> H:\SelfLearning\SAI\Course\tinydb\x64\Debug\tinydbms.exe
     1>已完成生成项目“H:\SelfLearning\SAI\Course\tinydbms\GI\tinydbms\tinydbms\tinydbms.vcxproj”(Build 个目标)的操作。

生成成功。

已用时间 00:00:04.23
